c:\users\tdrob\source\repos\babyengine\babyengine\x64\debug\vc143.pdb
c:\users\tdrob\source\repos\babyengine\babyengine\x64\debug\vc143.idb
c:\users\tdrob\source\repos\babyengine\babyengine\x64\debug\timer.obj
c:\users\tdrob\source\repos\babyengine\babyengine\x64\debug\texture.obj
c:\users\tdrob\source\repos\babyengine\babyengine\x64\debug\gamemanager.obj
c:\users\tdrob\source\repos\babyengine\babyengine\x64\debug\graphics.obj
c:\users\tdrob\source\repos\babyengine\babyengine\x64\debug\main.obj
c:\users\tdrob\source\repos\babyengine\babyengine\x64\debug\inputmanager.obj
c:\users\tdrob\source\repos\babyengine\babyengine\x64\debug\gameentity.obj
c:\users\tdrob\source\repos\babyengine\babyengine\x64\debug\audiomanager.obj
c:\users\tdrob\source\repos\babyengine\babyengine\x64\debug\assetmanager.obj
c:\users\tdrob\source\repos\babyengine\babyengine\x64\debug\animatedtexture.obj
c:\users\tdrob\source\repos\babyengine\x64\debug\babyengine.exe
c:\users\tdrob\source\repos\babyengine\babyengine\x64\debug\babyengine.ilk
c:\users\tdrob\source\repos\babyengine\x64\debug\babyengine.pdb
c:\users\tdrob\source\repos\babyengine\babyengine\x64\debug\babyengine.tlog\cl.command.1.tlog
c:\users\tdrob\source\repos\babyengine\babyengine\x64\debug\babyengine.tlog\cl.read.1.tlog
c:\users\tdrob\source\repos\babyengine\babyengine\x64\debug\babyengine.tlog\cl.write.1.tlog
c:\users\tdrob\source\repos\babyengine\babyengine\x64\debug\babyengine.tlog\link.command.1.tlog
c:\users\tdrob\source\repos\babyengine\babyengine\x64\debug\babyengine.tlog\link.read.1.tlog
c:\users\tdrob\source\repos\babyengine\babyengine\x64\debug\babyengine.tlog\link.write.1.tlog
